{"C:\\Users\\NOUMEN DARRYL\\Documents\\AfricaTrip\\js\\index.js": {"path":"C:\\Users\\NOUMEN DARRYL\\Documents\\AfricaTrip\\js\\index.js","statementMap":{"0":{"start":{"line":2,"column":18},"end":{"line":2,"column":54}},"1":{"start":{"line":3,"column":14},"end":{"line":3,"column":46}},"2":{"start":{"line":4,"column":16},"end":{"line":4,"column":58}},"3":{"start":{"line":7,"column":2},"end":{"line":7,"column":35}},"4":{"start":{"line":8,"column":2},"end":{"line":8,"column":41}},"5":{"start":{"line":12,"column":2},"end":{"line":12,"column":37}},"6":{"start":{"line":13,"column":2},"end":{"line":13,"column":43}},"7":{"start":{"line":17,"column":2},"end":{"line":17,"column":26}},"8":{"start":{"line":18,"column":2},"end":{"line":18,"column":35}},"9":{"start":{"line":19,"column":2},"end":{"line":19,"column":50}},"10":{"start":{"line":23,"column":2},"end":{"line":23,"column":40}},"11":{"start":{"line":24,"column":2},"end":{"line":24,"column":27}},"12":{"start":{"line":25,"column":2},"end":{"line":25,"column":50}},"13":{"start":{"line":29,"column":2},"end":{"line":29,"column":12}},"14":{"start":{"line":30,"column":2},"end":{"line":30,"column":12}},"15":{"start":{"line":31,"column":2},"end":{"line":31,"column":32}},"16":{"start":{"line":35,"column":2},"end":{"line":35,"column":12}},"17":{"start":{"line":36,"column":2},"end":{"line":36,"column":12}},"18":{"start":{"line":37,"column":2},"end":{"line":37,"column":35}},"19":{"start":{"line":40,"column":0},"end":{"line":40,"column":91}}},"fnMap":{"0":{"name":"addShow","decl":{"start":{"line":6,"column":9},"end":{"line":6,"column":16}},"loc":{"start":{"line":6,"column":19},"end":{"line":9,"column":1}},"line":6},"1":{"name":"addHide","decl":{"start":{"line":11,"column":9},"end":{"line":11,"column":16}},"loc":{"start":{"line":11,"column":19},"end":{"line":14,"column":1}},"line":11},"2":{"name":"addMenuToggleDimensions","decl":{"start":{"line":16,"column":9},"end":{"line":16,"column":32}},"loc":{"start":{"line":16,"column":39},"end":{"line":20,"column":1}},"line":16},"3":{"name":"removeMenuToggleDimensions","decl":{"start":{"line":22,"column":9},"end":{"line":22,"column":35}},"loc":{"start":{"line":22,"column":42},"end":{"line":26,"column":1}},"line":22},"4":{"name":"openMenuToogle","decl":{"start":{"line":28,"column":9},"end":{"line":28,"column":23}},"loc":{"start":{"line":28,"column":26},"end":{"line":32,"column":1}},"line":28},"5":{"name":"closeMenuToogle","decl":{"start":{"line":34,"column":9},"end":{"line":34,"column":24}},"loc":{"start":{"line":34,"column":27},"end":{"line":38,"column":1}},"line":34}},"branchMap":{},"s":{"0":1,"1":1,"2":1,"3":3,"4":0,"5":1,"6":0,"7":1,"8":0,"9":0,"10":1,"11":0,"12":0,"13":0,"14":0,"15":0,"16":0,"17":0,"18":0,"19":1},"f":{"0":3,"1":1,"2":1,"3":1,"4":0,"5":0},"b":{},"_coverageSchema":"1a1c01bbd47fc00a2c39e90264f33305004495a9","hash":"2f5be0cbc12408c03d07fe447627878908c8d53b"}
}
