{"C:\\Users\\NOUMEN DARRYL\\Documents\\AfricaTrip\\js\\index.js": {"path":"C:\\Users\\NOUMEN DARRYL\\Documents\\AfricaTrip\\js\\index.js","statementMap":{"0":{"start":{"line":2,"column":18},"end":{"line":2,"column":54}},"1":{"start":{"line":3,"column":14},"end":{"line":3,"column":46}},"2":{"start":{"line":4,"column":16},"end":{"line":4,"column":58}},"3":{"start":{"line":5,"column":13},"end":{"line":5,"column":44}},"4":{"start":{"line":6,"column":13},"end":{"line":6,"column":44}},"5":{"start":{"line":22,"column":0},"end":{"line":22,"column":59}}},"fnMap":{},"branchMap":{},"s":{"0":1,"1":1,"2":1,"3":1,"4":1,"5":1},"f":{},"b":{},"_coverageSchema":"1a1c01bbd47fc00a2c39e90264f33305004495a9","hash":"ae83bfa4399376b960dd3099964fdf2071903e6a"}
}
